<?xml version="1.0" encoding="utf-8"?><testsuites name="pytest tests"><testsuite name="pytest" errors="0" failures="0" skipped="0" tests="37" time="6.309" timestamp="2026-07-26T18:20:16.528924+00:00" hostname="agent-env-932aec5d-de3f-4369-b891-f40972fbf1c4"><testcase classname="tests.test_auth" name="test_root_health" time="0.354" /><testcase classname="tests.test_jobs_flow" name="test_client_creates_job" time="0.718" /><testcase classname="tests.test_auth" name="test_login_admin" time="0.314" /><testcase classname="tests.test_auth" name="test_login_reviewer" time="0.326" /><testcase classname="tests.test_jobs_flow" name="test_client_only_sees_own_jobs" time="0.276" /><testcase classname="tests.test_auth" name="test_login_client" time="0.327" /><testcase classname="tests.test_auth" name="test_login_invalid" time="0.222" /><testcase classname="tests.test_jobs_flow" name="test_reviewer_sees_all_jobs" time="0.753" /><testcase classname="tests.test_auth" name="test_me_endpoint_requires_auth" time="0.105" /><testcase classname="tests.test_jobs_flow" name="test_client_cannot_review" time="0.223" /><testcase classname="tests.test_auth" name="test_me_with_bearer" time="0.423" /><testcase classname="tests.test_jobs_flow" name="test_client_cannot_edit_plan" time="0.102" /><testcase classname="tests.test_auth" name="test_register_new_client_and_login" time="0.973" /><testcase classname="tests.test_jobs_flow" name="test_client_cannot_access_other_job" time="0.871" /><testcase classname="tests.test_jobs_flow" name="test_kb_docs_indexed" time="0.144" /><testcase classname="tests.test_auth" name="test_register_admin_role_downgraded" time="0.319" /><testcase classname="tests.test_jobs_flow" name="test_kb_upload_requires_role" time="0.271" /><testcase classname="tests.test_new_features.TestAttachments" name="test_upload_txt_client_own_job" time="0.502" /><testcase classname="tests.test_jobs_flow" name="test_feedback_endpoint_requires_reviewer" time="0.104" /><testcase classname="tests.test_jobs_flow" name="test_feedback_endpoint_reviewer" time="0.103" /><testcase classname="tests.test_jobs_flow" name="test_existing_job_has_plan" time="0.110" /><testcase classname="tests.test_jobs_flow" name="test_reviewer_edit_plan_persists" time="0.255" /><testcase classname="tests.test_new_features.TestAttachments" name="test_download_txt_roundtrip" time="0.313" /><testcase classname="tests.test_jobs_flow" name="test_reviewer_approve_creates_feedback" time="0.201" /><testcase classname="tests.test_jobs_flow" name="test_export_pdf" time="0.118" /><testcase classname="tests.test_new_features.TestAttachments" name="test_upload_png_client_own_job" time="0.536" /><testcase classname="tests.test_jobs_flow" name="test_review_no_plan_fails" time="0.210" /><testcase classname="tests.test_jobs_flow" name="test_export_no_plan_fails" time="0.201" /><testcase classname="tests.test_new_features.TestMultiSheetExport" name="test_export_multi_layout_with_2_pngs" time="0.147" /><testcase classname="tests.test_new_features.TestAttachments" name="test_download_png_roundtrip" time="0.417" /><testcase classname="tests.test_new_features.TestMultiSheetExport" name="test_export_no_pngs_still_works" time="0.119" /><testcase classname="tests.test_new_features.TestSSEAuth" name="test_sse_requires_auth_401" time="0.097" /><testcase classname="tests.test_new_features.TestLegacyLayout" name="test_legacy_job_has_plan_layout" time="0.126" /><testcase classname="tests.test_new_features.TestAttachments" name="test_upload_unsupported_ext_rejected" time="0.101" /><testcase classname="tests.test_new_features.TestAttachments" name="test_upload_no_extension_rejected" time="0.117" /><testcase classname="tests.test_new_features.TestAttachments" name="test_upload_other_client_job_403" time="0.515" /><testcase classname="tests.test_new_features.TestAttachments" name="test_download_no_auth_401" time="0.101" /></testsuite></testsuites>