<?xml version="1.0" encoding="utf-8"?><testsuites name="pytest tests"><testsuite name="pytest" errors="0" failures="0" skipped="0" tests="42" time="8.075" timestamp="2026-07-28T20:38:11.274990+00:00" hostname="agent-env-932aec5d-de3f-4369-b891-f40972fbf1c4"><testcase classname="tests.test_auth" name="test_root_health" time="0.361" /><testcase classname="tests.test_jobs_flow" name="test_client_creates_job" time="0.722" /><testcase classname="tests.test_auth" name="test_login_admin" time="0.393" /><testcase classname="tests.test_jobs_flow" name="test_client_only_sees_own_jobs" time="0.137" /><testcase classname="tests.test_auth" name="test_login_reviewer" time="0.343" /><testcase classname="tests.test_auth" name="test_login_client" time="0.439" /><testcase classname="tests.test_jobs_flow" name="test_reviewer_sees_all_jobs" time="0.818" /><testcase classname="tests.test_auth" name="test_login_invalid" time="0.099" /><testcase classname="tests.test_auth" name="test_me_endpoint_requires_auth" time="0.107" /><testcase classname="tests.test_jobs_flow" name="test_client_cannot_review" time="0.113" /><testcase classname="tests.test_jobs_flow" name="test_client_cannot_edit_plan" time="0.286" /><testcase classname="tests.test_auth" name="test_me_with_bearer" time="0.682" /><testcase classname="tests.test_jobs_flow" name="test_client_cannot_access_other_job" time="0.801" /><testcase classname="tests.test_auth" name="test_register_new_client_and_login" time="0.899" /><testcase classname="tests.test_jobs_flow" name="test_kb_docs_indexed" time="0.244" /><testcase classname="tests.test_jobs_flow" name="test_kb_upload_requires_role" time="0.117" /><testcase classname="tests.test_jobs_flow" name="test_feedback_endpoint_requires_reviewer" time="0.158" /><testcase classname="tests.test_auth" name="test_register_admin_role_downgraded" time="0.467" /><testcase classname="tests.test_jobs_flow" name="test_feedback_endpoint_reviewer" time="0.098" /><testcase classname="tests.test_jobs_flow" name="test_existing_job_has_plan" time="0.239" /><testcase classname="tests.test_jobs_flow" name="test_reviewer_edit_plan_persists" time="0.299" /><testcase classname="tests.test_new_features.TestAttachments" name="test_upload_txt_client_own_job" time="0.436" /><testcase classname="tests.test_jobs_flow" name="test_reviewer_approve_creates_feedback" time="0.246" /><testcase classname="tests.test_new_features.TestAttachments" name="test_download_txt_roundtrip" time="0.421" /><testcase classname="tests.test_jobs_flow" name="test_export_pdf" time="0.160" /><testcase classname="tests.test_jobs_flow" name="test_review_no_plan_fails" time="0.270" /><testcase classname="tests.test_new_features.TestAttachments" name="test_upload_png_client_own_job" time="0.625" /><testcase classname="tests.test_jobs_flow" name="test_export_no_plan_fails" time="0.209" /><testcase classname="tests.test_cookie_auth" name="test_cookie_auth_me" time="0.370" /><testcase classname="tests.test_new_features.TestAttachments" name="test_download_png_roundtrip" time="0.585" /><testcase classname="tests.test_cookie_auth" name="test_cookie_auth_bearer_both_work" time="0.599" /><testcase classname="tests.test_new_features.TestAttachments" name="test_upload_unsupported_ext_rejected" time="0.157" /><testcase classname="tests.test_cookie_auth" name="test_logout_clears_cookie" time="0.712" /><testcase classname="tests.test_new_features.TestAttachments" name="test_upload_no_extension_rejected" time="0.255" /><testcase classname="tests.test_new_features.TestAttachments" name="test_upload_other_client_job_403" time="0.785" /><testcase classname="tests.test_cookie_auth" name="test_users_list_via_cookie_admin" time="0.397" /><testcase classname="tests.test_cookie_auth" name="test_kb_docs_via_cookie" time="0.380" /><testcase classname="tests.test_new_features.TestAttachments" name="test_download_no_auth_401" time="0.286" /><testcase classname="tests.test_new_features.TestMultiSheetExport" name="test_export_multi_layout_with_2_pngs" time="0.156" /><testcase classname="tests.test_new_features.TestSSEAuth" name="test_sse_requires_auth_401" time="0.168" /><testcase classname="tests.test_new_features.TestMultiSheetExport" name="test_export_no_pngs_still_works" time="0.146" /><testcase classname="tests.test_new_features.TestLegacyLayout" name="test_legacy_job_has_plan_layout" time="0.111" /></testsuite></testsuites>